1763096138052	geckodriver	INFO	Listening on 127.0.0.1:61528
1763096141224	mozrunner::runner	INFO	Running command: "C:\\Program Files\\Mozilla Firefox\\firefox.exe" "--marionette" "--remote-debugging-port" "61529" "--remote-allow-hosts" "localhost" "-no-remote" "-profile" "C:\\Users\\anumj\\AppData\\Local\\Temp\\rust_mozprofile8YZOUr"
console.warn: services.settings: Ignoring preference override of remote settings server
console.warn: services.settings: Allow by setting MOZ_REMOTE_SETTINGS_DEVTOOLS=1 in the environment
Dynamically enable window occlusion 0
1763096144850	Marionette	INFO	Marionette enabled
1763096145140	Marionette	INFO	Listening on port 61538
Read port: 61538
WebDriver BiDi listening on ws://127.0.0.1:61529
1763096145686	RemoteAgent	WARN	TLS certificate errors will be ignored for this session
JavaScript warning: https://static.xx.fbcdn.net/rsrc.php/v4ihVQ4/yW/l/en_US-j/mR9gbXHF_ib.js, line 36: WEBGL_debug_renderer_info is deprecated in Firefox and will be removed. Please use RENDERER.
JavaScript warning: https://static.xx.fbcdn.net/rsrc.php/v4/y2/r/NH2-ntEESl2.js, line 135: Script terminated by timeout at:
t.parse@https://static.xx.fbcdn.net/rsrc.php/v4/y2/r/NH2-ntEESl2.js:135:1980
u@https://static.xx.fbcdn.net/rsrc.php/v4/y2/r/NH2-ntEESl2.js:137:235
n.tryParse@https://static.xx.fbcdn.net/rsrc.php/v4/y2/r/NH2-ntEESl2.js:137:660
u@https://static.xx.fbcdn.net/rsrc.php/v4/y2/r/NH2-ntEESl2.js:138:252
i@https://static.xx.fbcdn.net/rsrc.php/v4/y2/r/NH2-ntEESl2.js:143:495
send@https://static.xx.fbcdn.net/rsrc.php/v4/yS/r/Pfe37gdW_1g.js:14:1182
post@https://static.xx.fbcdn.net/rsrc.php/v4/yS/r/Pfe37gdW_1g.js:21:6574
ne@https://static.xx.fbcdn.net/rsrc.php/v4ihVQ4/yW/l/en_US-j/mR9gbXHF_ib.js:21:3784
logCritical@https://static.xx.fbcdn.net/rsrc.php/v4ihVQ4/yW/l/en_US-j/mR9gbXHF_ib.js:21:4351
_e/</<@https://static.xx.fbcdn.net/rsrc.php/v4ihVQ4/yW/l/en_US-j/mR9gbXHF_ib.js:21:9741
_e/<@https://static.xx.fbcdn.net/rsrc.php/v4ihVQ4/yW/l/en_US-j/mR9gbXHF_ib.js:21:9796
t.$18@https://static.xx.fbcdn.net/rsrc.php/v4/y2/r/NH2-ntEESl2.js:316:2421
t.wrapAndEnqueueItem@https://static.xx.fbcdn.net/rsrc.php/v4/y2/r/NH2-ntEESl2.js:316:4295
b@https://static.xx.fbcdn.net/rsrc.php/v4/y2/r/NH2-ntEESl2.js:306:1953
v@https://static.xx.fbcdn.net/rsrc.php/v4/y2/r/NH2-ntEESl2.js:306:2156
logCritical@https://static.xx.fbcdn.net/rsrc.php/v4/y2/r/NH2-ntEESl2.js:306:3050
h@https://static.xx.fbcdn.net/rsrc.php/v4/y2/r/NH2-ntEESl2.js:319:1036
@https://static.xx.fbcdn.net/rsrc.php/v4/y2/r/NH2-ntEESl2.js:319:1118
n@https://static.xx.fbcdn.net/rsrc.php/v4/y2/r/NH2-ntEESl2.js:326:204
applyWithGuard@https://static.xx.fbcdn.net/rsrc.php/v4/y2/r/NH2-ntEESl2.js:76:10281
applyWithGuard@https://static.xx.fbcdn.net/rsrc.php/v4/y2/r/NH2-ntEESl2.js:243:536
c@https://static.xx.fbcdn.net/rsrc.php/v4i7M54/yr/l/en_US-j/aoKZtZ6beae.js:33:355
d@https://static.xx.fbcdn.net/rsrc.php/v4i7M54/yr/l/en_US-j/aoKZtZ6beae.js:33:603
p/<@https://static.xx.fbcdn.net/rsrc.php/v4i7M54/yr/l/en_US-j/aoKZtZ6beae.js:33:1214
applyWithGuard@https://static.xx.fbcdn.net/rsrc.php/v4/y2/r/NH2-ntEESl2.js:76:10281
n.$5@https://static.xx.fbcdn.net/rsrc.php/v4/y2/r/NH2-ntEESl2.js:88:1006
t.$5@https://static.xx.fbcdn.net/rsrc.php/v4/y2/r/NH2-ntEESl2.js:88:3060
r@https://static.xx.fbcdn.net/rsrc.php/v4/y2/r/NH2-ntEESl2.js:88:719
applyWithGuard@https://static.xx.fbcdn.net/rsrc.php/v4/y2/r/NH2-ntEESl2.js:76:10281
r.__emitToSubscription@https://static.xx.fbcdn.net/rsrc.php/v4/y2/r/NH2-ntEESl2.js:84:1469
r.emit@https://static.xx.fbcdn.net/rsrc.php/v4/y2/r/NH2-ntEESl2.js:84:1295
t.emitAndHold@https://static.xx.fbcdn.net/rsrc.php/v4/y2/r/NH2-ntEESl2.js:86:1047
n.inform@https://static.xx.fbcdn.net/rsrc.php/v4/y2/r/NH2-ntEESl2.js:88:1670
t.inform@https://static.xx.fbcdn.net/rsrc.php/v4/y2/r/NH2-ntEESl2.js:88:2673
_/window.onunload<@https://static.xx.fbcdn.net/rsrc.php/v4/y2/r/NH2-ntEESl2.js:327:848
applyWithGuard@https://static.xx.fbcdn.net/rsrc.php/v4/y2/r/NH2-ntEESl2.js:76:10281
m@https://static.xx.fbcdn.net/rsrc.php/v4/y2/r/NH2-ntEESl2.js:333:2069

1763096175877	Marionette	INFO	Stopped listening on port 61538
Dynamically enable window occlusion 1
console.error: "Failed to fetch https://spocs.getpocket.com/user:" "NetworkError when attempting to fetch resource."
console.error: (new TypeError("NetworkError when attempting to fetch resource.", ""))
console.error: (new Error("OHTTP was configured for https://ads.mozilla.org/v1/delete_user but we couldn't fetch a valid config", "moz-src:///browser/modules/ContextId.sys.mjs", 234))
console.warn: TopSitesFeed: Failed to fetch data from MARS server: NetworkError when attempting to fetch resource.
JavaScript error: resource://gre/modules/ObliviousHTTP.sys.mjs, line 117: NS_ERROR_XPC_CANT_CONVERT_PRIMITIVE_TO_ARRAY: Cannot convert primitive JavaScript value into an array arg 2 [nsIObliviousHttpService.newChannel]
console.warn: services.settings: main/nimbus-desktop-experiments sync interrupted by shutdown
console.warn: services.settings: main/search-config-icons sync interrupted by shutdown
console.warn: services.settings: security-state/cert-revocations sync interrupted by shutdown
console.warn: services.settings: security-state/intermediates sync interrupted by shutdown
console.warn: services.settings: main/devtools-compatibility-browsers sync interrupted by shutdown
console.warn: services.settings: main/url-classifier-exceptions sync interrupted by shutdown
console.warn: services.settings: main/tracking-protection-lists sync interrupted by shutdown
console.warn: services.settings: main/message-groups sync interrupted by shutdown
console.warn: services.settings: main/newtab-wallpapers-v2 sync interrupted by shutdown
console.warn: services.settings: main/top-sites sync interrupted by shutdown
console.warn: services.settings: main/search-config-v2 sync interrupted by shutdown
console.warn: services.settings: main/translations-models sync interrupted by shutdown
console.warn: services.settings: main/nimbus-secure-experiments sync interrupted by shutdown
JavaScript error: resource:///modules/AboutNewTab.sys.mjs, line 242: NS_ERROR_ILLEGAL_VALUE: Component returned failure code: 0x80070057 (NS_ERROR_ILLEGAL_VALUE) [nsIObserverService.removeObserver]
console.error: (new AbortError("IndexedDB: main/translations-wasm-v2 getLastModified() IndexedDB:  execute() A request was aborted, for example through a call to IDBTransaction.abort.", "resource://services-settings/IDBHelpers.sys.mjs", 16))
JavaScript error: resource://services-settings/RemoteSettingsClient.sys.mjs, line 85: Error: Unknown callback
JavaScript error: resource://gre/modules/JSONFile.sys.mjs, line 432: TypeError: can't access property "toJSONSafe", this._data is null
