1763097073161	geckodriver	INFO	Listening on 127.0.0.1:50884
1763097076206	mozrunner::runner	INFO	Running command: "C:\\Program Files\\Mozilla Firefox\\firefox.exe" "--marionette" "--remote-debugging-port" "50885" "--remote-allow-hosts" "localhost" "-no-remote" "-profile" "C:\\Users\\anumj\\AppData\\Local\\Temp\\rust_mozprofileQ99DpE"
console.warn: services.settings: Ignoring preference override of remote settings server
console.warn: services.settings: Allow by setting MOZ_REMOTE_SETTINGS_DEVTOOLS=1 in the environment
Dynamically enable window occlusion 0
1763097076556	Marionette	INFO	Marionette enabled
1763097076644	Marionette	INFO	Listening on port 60864
WebDriver BiDi listening on ws://127.0.0.1:50885
Read port: 60864
1763097076897	RemoteAgent	WARN	TLS certificate errors will be ignored for this session
JavaScript warning: https://static.xx.fbcdn.net/rsrc.php/v4ihVQ4/yW/l/en_US-j/mR9gbXHF_ib.js, line 36: WEBGL_debug_renderer_info is deprecated in Firefox and will be removed. Please use RENDERER.
JavaScript warning: https://static.xx.fbcdn.net/rsrc.php/v4/y2/r/NH2-ntEESl2.js, line 344: Script terminated by timeout at:
l@https://static.xx.fbcdn.net/rsrc.php/v4/y2/r/NH2-ntEESl2.js:344:115
h@https://static.xx.fbcdn.net/rsrc.php/v4/y2/r/NH2-ntEESl2.js:319:923
@https://static.xx.fbcdn.net/rsrc.php/v4/y2/r/NH2-ntEESl2.js:319:1118
n@https://static.xx.fbcdn.net/rsrc.php/v4/y2/r/NH2-ntEESl2.js:326:204
applyWithGuard@https://static.xx.fbcdn.net/rsrc.php/v4/y2/r/NH2-ntEESl2.js:76:10281
applyWithGuard@https://static.xx.fbcdn.net/rsrc.php/v4/y2/r/NH2-ntEESl2.js:243:536
c@https://static.xx.fbcdn.net/rsrc.php/v4i7M54/yr/l/en_US-j/aoKZtZ6beae.js:33:355
d@https://static.xx.fbcdn.net/rsrc.php/v4i7M54/yr/l/en_US-j/aoKZtZ6beae.js:33:603
p/<@https://static.xx.fbcdn.net/rsrc.php/v4i7M54/yr/l/en_US-j/aoKZtZ6beae.js:33:1214
applyWithGuard@https://static.xx.fbcdn.net/rsrc.php/v4/y2/r/NH2-ntEESl2.js:76:10281
n.$5@https://static.xx.fbcdn.net/rsrc.php/v4/y2/r/NH2-ntEESl2.js:88:1006
t.$5@https://static.xx.fbcdn.net/rsrc.php/v4/y2/r/NH2-ntEESl2.js:88:3060
r@https://static.xx.fbcdn.net/rsrc.php/v4/y2/r/NH2-ntEESl2.js:88:719
applyWithGuard@https://static.xx.fbcdn.net/rsrc.php/v4/y2/r/NH2-ntEESl2.js:76:10281
r.__emitToSubscription@https://static.xx.fbcdn.net/rsrc.php/v4/y2/r/NH2-ntEESl2.js:84:1469
r.emit@https://static.xx.fbcdn.net/rsrc.php/v4/y2/r/NH2-ntEESl2.js:84:1295
t.emitAndHold@https://static.xx.fbcdn.net/rsrc.php/v4/y2/r/NH2-ntEESl2.js:86:1047
n.inform@https://static.xx.fbcdn.net/rsrc.php/v4/y2/r/NH2-ntEESl2.js:88:1670
t.inform@https://static.xx.fbcdn.net/rsrc.php/v4/y2/r/NH2-ntEESl2.js:88:2673
_/window.onunload<@https://static.xx.fbcdn.net/rsrc.php/v4/y2/r/NH2-ntEESl2.js:327:848
applyWithGuard@https://static.xx.fbcdn.net/rsrc.php/v4/y2/r/NH2-ntEESl2.js:76:10281
m@https://static.xx.fbcdn.net/rsrc.php/v4/y2/r/NH2-ntEESl2.js:333:2069

1763097083601	Marionette	INFO	Stopped listening on port 60864
Dynamically enable window occlusion 1
console.error: "Failed to fetch https://spocs.getpocket.com/user:" "NetworkError when attempting to fetch resource."
console.error: (new TypeError("NetworkError when attempting to fetch resource.", ""))
console.error: (new Error("OHTTP was configured for https://ads.mozilla.org/v1/delete_user but we couldn't fetch a valid config", "moz-src:///browser/modules/ContextId.sys.mjs", 234))
console.warn: TopSitesFeed: Failed to fetch data from MARS server: NetworkError when attempting to fetch resource.
JavaScript error: resource://gre/modules/ObliviousHTTP.sys.mjs, line 117: NS_ERROR_XPC_CANT_CONVERT_PRIMITIVE_TO_ARRAY: Cannot convert primitive JavaScript value into an array arg 2 [nsIObliviousHttpService.newChannel]
JavaScript error: resource:///modules/AboutNewTab.sys.mjs, line 242: NS_ERROR_ILLEGAL_VALUE: Component returned failure code: 0x80070057 (NS_ERROR_ILLEGAL_VALUE) [nsIObserverService.removeObserver]
JavaScript error: resource://services-settings/RemoteSettingsClient.sys.mjs, line 85: Error: Unknown callback
JavaScript error: resource://gre/modules/JSONFile.sys.mjs, line 432: TypeError: can't access property "toJSONSafe", this._data is null
